  % Total    % Received % Xferd  Average Speed   Time    Time     Time  Current
                                 Dload  Upload   Total   Spent    Left  Speed
  0     0    0     0    0     0      0      0 --:--:-- --:--:-- --:--:--     0  0     0    0     0    0     0      0      0 --:--:-- --:--:-- --:--:--     0100    40  100     2  100    38      4     79 --:--:-- --:--:-- --:--:--    79
ok2024-06-26 01:13:48 [info     ] Loading data from /home/mds8301/Gaby_raw_data/processed_full_recording_unlabled_data/dopamine_full_timeseries_array.pt
2024-06-26 01:13:51 [info     ] running bayes tuning
COMET INFO: cae2bc8773454b8a92b84b2e6e0a5b7f
COMET INFO: Using optimizer config: {'algorithm': 'bayes', 'configSpaceSize': 160, 'endTime': None, 'id': 'cae2bc8773454b8a92b84b2e6e0a5b7f', 'lastUpdateTime': None, 'maxCombo': 0, 'name': 'cae2bc8773454b8a92b84b2e6e0a5b7f', 'parameters': {'max_dilations_per_kernel': {'type': 'discrete', 'values': [8, 16, 24, 32, 64]}, 'n_features_per_kernel': {'type': 'discrete', 'values': [10, 20, 50, 100]}, 'n_jobs': {'type': 'discrete', 'values': [-1]}, 'num_kernels': {'type': 'discrete', 'values': [1000, 10000, 50000, 100000]}, 'random_state': {'type': 'discrete', 'values': [42]}, 'rocket_transform': {'type': 'categorical', 'values': ['rocket', 'minirocket']}}, 'predictor': None, 'spec': {'gridSize': 10, 'maxCombo': 0, 'metric': 'f1_score_test', 'minSampleSize': 100, 'objective': 'maximize', 'retryAssignLimit': 0, 'retryLimit': 1000}, 'startTime': 16563313731, 'state': {'mode': None, 'seed': None, 'sequence': [], 'sequence_i': 0, 'sequence_pid': None, 'sequence_retry': 0, 'sequence_retry_count': 0}, 'status': 'running', 'suggestion_count': 0, 'trials': 1, 'version': '2.0.26'}
COMET INFO: Experiment is live on comet.com https://www.comet.com/mschaid/rocket-classifier-bayes-tuning/737212810a4949848af3bc6e9f9b3e3d

COMET WARNING: Cannot safely convert array([[14,  1],
       [ 3,  9]]) object to a scalar value, using its string representation for logging. Resulting string might be invalid
COMET WARNING: Cannot safely convert array([[34,  0],
       [ 0, 27]]) object to a scalar value, using its string representation for logging. Resulting string might be invalid
COMET INFO: ---------------------------------------------------------------------------------------
COMET INFO: Comet.ml Experiment Summary
COMET INFO: ---------------------------------------------------------------------------------------
COMET INFO:   Data:
COMET INFO:     display_summary_level : 1
COMET INFO:     name                  : dizzy_foundry_5811
COMET INFO:     url                   : https://www.comet.com/mschaid/rocket-classifier-bayes-tuning/737212810a4949848af3bc6e9f9b3e3d
COMET INFO:   Metrics:
COMET INFO:     accuracy_test          : 0.8518518518518519
COMET INFO:     accuracy_train         : 1.0
COMET INFO:     confusion_matrix_test  : [[14  1]
 [ 3  9]]
COMET INFO:     confusion_matrix_train : [[34  0]
 [ 0 27]]
COMET INFO:     f1_score_test          : 0.8181818181818182
COMET INFO:     f1_score_train         : 1.0
COMET INFO:     precision_test         : 0.9
COMET INFO:     precision_train        : 1.0
COMET INFO:     recall_test            : 0.75
COMET INFO:     recall_train           : 1.0
COMET INFO:     roc_auc_test           : 0.8416666666666667
COMET INFO:     roc_auc_train          : 1.0
COMET INFO:   Others:
COMET INFO:     optimizer_count        : 1
COMET INFO:     optimizer_id           : cae2bc8773454b8a92b84b2e6e0a5b7f
COMET INFO:     optimizer_metric       : f1_score_test
COMET INFO:     optimizer_metric_value : 0.8181818181818182
COMET INFO:     optimizer_name         : cae2bc8773454b8a92b84b2e6e0a5b7f
COMET INFO:     optimizer_objective    : maximize
COMET INFO:     optimizer_parameters   : {"max_dilations_per_kernel": 32, "n_features_per_kernel": 100, "n_jobs": -1, "num_kernels": 100000, "random_state": 42, "rocket_transform": "minirocket"}
COMET INFO:     optimizer_pid          : 6f5d0714f1fce5b8b0c281380d89df7de98a576f
COMET INFO:     optimizer_process      : 33745
COMET INFO:     optimizer_trial        : 1
COMET INFO:     optimizer_version      : 2.0.26
COMET INFO:   Parameters:
COMET INFO:     alpha_per_target         : False
COMET INFO:     alphas                   : [1.00000000e-03 4.64158883e-03 2.15443469e-02 1.00000000e-01
 4.64158883e-01 2.15443469e+00 1.00000000e+01 4.64158883e+01
 2.15443469e+02 1.00000000e+03]
COMET INFO:     class_weight             : None
COMET INFO:     copy                     : True
COMET INFO:     copy_X                   : True
COMET INFO:     cv                       : None
COMET INFO:     fit_intercept            : True
COMET INFO:     gcv_mode                 : None
COMET INFO:     is_clf                   : True
COMET INFO:     max_dilations_per_kernel : 32
COMET INFO:     n_features_per_kernel    : 100
COMET INFO:     n_jobs                   : -1
COMET INFO:     neg_label                : -1
COMET INFO:     num_kernels              : 100000
COMET INFO:     pos_label                : 1
COMET INFO:     random_state             : 42
COMET INFO:     rocket_transform         : minirocket
COMET INFO:     scoring                  : None
COMET INFO:     sparse_output            : False
COMET INFO:     store_cv_values          : False
COMET INFO:     use_multivariate         : auto
COMET INFO:     with_mean                : False
COMET INFO:     with_std                 : True
COMET INFO:   Uploads:
COMET INFO:     conda-environment-definition : 1
COMET INFO:     conda-info                   : 1
COMET INFO:     conda-specification          : 1
COMET INFO:     environment details          : 1
COMET INFO:     filename                     : 1
COMET INFO:     git metadata                 : 1
COMET INFO:     git-patch (uncompressed)     : 1 (637 bytes)
COMET INFO:     installed packages           : 1
COMET INFO:     source_code                  : 1 (3.26 KB)
COMET INFO: 
COMET INFO: Experiment is live on comet.com https://www.comet.com/mschaid/rocket-classifier-bayes-tuning/91a0a376aa794075bceb730e79fe9ffc

COMET WARNING: Cannot safely convert array([[14,  1],
       [ 4,  8]]) object to a scalar value, using its string representation for logging. Resulting string might be invalid
COMET WARNING: Cannot safely convert array([[34,  0],
       [ 0, 27]]) object to a scalar value, using its string representation for logging. Resulting string might be invalid
COMET INFO: ---------------------------------------------------------------------------------------
COMET INFO: Comet.ml Experiment Summary
COMET INFO: ---------------------------------------------------------------------------------------
COMET INFO:   Data:
COMET INFO:     display_summary_level : 1
COMET INFO:     name                  : local_feijoa_290
COMET INFO:     url                   : https://www.comet.com/mschaid/rocket-classifier-bayes-tuning/91a0a376aa794075bceb730e79fe9ffc
COMET INFO:   Metrics:
COMET INFO:     accuracy_test          : 0.8148148148148148
COMET INFO:     accuracy_train         : 1.0
COMET INFO:     confusion_matrix_test  : [[14  1]
 [ 4  8]]
COMET INFO:     confusion_matrix_train : [[34  0]
 [ 0 27]]
COMET INFO:     f1_score_test          : 0.7619047619047619
COMET INFO:     f1_score_train         : 1.0
COMET INFO:     precision_test         : 0.8888888888888888
COMET INFO:     precision_train        : 1.0
COMET INFO:     recall_test            : 0.6666666666666666
COMET INFO:     recall_train           : 1.0
COMET INFO:     roc_auc_test           : 0.7999999999999999
COMET INFO:     roc_auc_train          : 1.0
COMET INFO:   Others:
COMET INFO:     optimizer_count        : 2
COMET INFO:     optimizer_id           : cae2bc8773454b8a92b84b2e6e0a5b7f
COMET INFO:     optimizer_metric       : f1_score_test
COMET INFO:     optimizer_metric_value : 0.7619047619047619
COMET INFO:     optimizer_name         : cae2bc8773454b8a92b84b2e6e0a5b7f
COMET INFO:     optimizer_objective    : maximize
COMET INFO:     optimizer_parameters   : {"max_dilations_per_kernel": 24, "n_features_per_kernel": 100, "n_jobs": -1, "num_kernels": 10000, "random_state": 42, "rocket_transform": "minirocket"}
COMET INFO:     optimizer_pid          : dd8b8af795e8c9ffee47378f1a62d860ec594a2c
COMET INFO:     optimizer_process      : 33745
COMET INFO:     optimizer_trial        : 1
COMET INFO:     optimizer_version      : 2.0.26
COMET INFO:   Parameters:
COMET INFO:     alpha_per_target         : False
COMET INFO:     alphas                   : [1.00000000e-03 4.64158883e-03 2.15443469e-02 1.00000000e-01
 4.64158883e-01 2.15443469e+00 1.00000000e+01 4.64158883e+01
 2.15443469e+02 1.00000000e+03]
COMET INFO:     class_weight             : None
COMET INFO:     copy                     : True
COMET INFO:     copy_X                   : True
COMET INFO:     cv                       : None
COMET INFO:     fit_intercept            : True
COMET INFO:     gcv_mode                 : None
COMET INFO:     is_clf                   : True
COMET INFO:     max_dilations_per_kernel : 24
COMET INFO:     n_features_per_kernel    : 100
COMET INFO:     n_jobs                   : -1
COMET INFO:     neg_label                : -1
COMET INFO:     num_kernels              : 10000
COMET INFO:     pos_label                : 1
COMET INFO:     random_state             : 42
COMET INFO:     rocket_transform         : minirocket
COMET INFO:     scoring                  : None
COMET INFO:     sparse_output            : False
COMET INFO:     store_cv_values          : False
COMET INFO:     use_multivariate         : auto
COMET INFO:     with_mean                : False
COMET INFO:     with_std                 : True
COMET INFO:   Uploads:
COMET INFO:     conda-environment-definition : 1
COMET INFO:     conda-info                   : 1
COMET INFO:     conda-specification          : 1
COMET INFO:     environment details          : 1
COMET INFO:     filename                     : 1
COMET INFO:     git metadata                 : 1
COMET INFO:     git-patch (uncompressed)     : 1 (637 bytes)
COMET INFO:     installed packages           : 1
COMET INFO:     source_code                  : 1 (3.26 KB)
COMET INFO: 
COMET INFO: Experiment is live on comet.com https://www.comet.com/mschaid/rocket-classifier-bayes-tuning/e2f1d741eb09420ea21ecef81b2f0d7b

COMET WARNING: Cannot safely convert array([[13,  2],
       [ 4,  8]]) object to a scalar value, using its string representation for logging. Resulting string might be invalid
COMET WARNING: Cannot safely convert array([[34,  0],
       [ 0, 27]]) object to a scalar value, using its string representation for logging. Resulting string might be invalid
COMET INFO: ---------------------------------------------------------------------------------------
COMET INFO: Comet.ml Experiment Summary
COMET INFO: ---------------------------------------------------------------------------------------
COMET INFO:   Data:
COMET INFO:     display_summary_level : 1
COMET INFO:     name                  : central_dove_4834
COMET INFO:     url                   : https://www.comet.com/mschaid/rocket-classifier-bayes-tuning/e2f1d741eb09420ea21ecef81b2f0d7b
COMET INFO:   Metrics:
COMET INFO:     accuracy_test          : 0.7777777777777778
COMET INFO:     accuracy_train         : 1.0
COMET INFO:     confusion_matrix_test  : [[13  2]
 [ 4  8]]
COMET INFO:     confusion_matrix_train : [[34  0]
 [ 0 27]]
COMET INFO:     f1_score_test          : 0.7272727272727273
COMET INFO:     f1_score_train         : 1.0
COMET INFO:     precision_test         : 0.8
COMET INFO:     precision_train        : 1.0
COMET INFO:     recall_test            : 0.6666666666666666
COMET INFO:     recall_train           : 1.0
COMET INFO:     roc_auc_test           : 0.7666666666666666
COMET INFO:     roc_auc_train          : 1.0
COMET INFO:   Others:
COMET INFO:     optimizer_count        : 3
COMET INFO:     optimizer_id           : cae2bc8773454b8a92b84b2e6e0a5b7f
COMET INFO:     optimizer_metric       : f1_score_test
COMET INFO:     optimizer_metric_value : 0.7272727272727273
COMET INFO:     optimizer_name         : cae2bc8773454b8a92b84b2e6e0a5b7f
COMET INFO:     optimizer_objective    : maximize
COMET INFO:     optimizer_parameters   : {"max_dilations_per_kernel": 64, "n_features_per_kernel": 50, "n_jobs": -1, "num_kernels": 1000, "random_state": 42, "rocket_transform": "minirocket"}
COMET INFO:     optimizer_pid          : b12ba5deefc0db4e3657d7fc588ce84fc5d24574
COMET INFO:     optimizer_process      : 33745
COMET INFO:     optimizer_trial        : 1
COMET INFO:     optimizer_version      : 2.0.26
COMET INFO:   Parameters:
COMET INFO:     alpha_per_target         : False
COMET INFO:     alphas                   : [1.00000000e-03 4.64158883e-03 2.15443469e-02 1.00000000e-01
 4.64158883e-01 2.15443469e+00 1.00000000e+01 4.64158883e+01
 2.15443469e+02 1.00000000e+03]
COMET INFO:     class_weight             : None
COMET INFO:     copy                     : True
COMET INFO:     copy_X                   : True
COMET INFO:     cv                       : None
COMET INFO:     fit_intercept            : True
COMET INFO:     gcv_mode                 : None
COMET INFO:     is_clf                   : True
COMET INFO:     max_dilations_per_kernel : 64
COMET INFO:     n_features_per_kernel    : 50
COMET INFO:     n_jobs                   : -1
COMET INFO:     neg_label                : -1
COMET INFO:     num_kernels              : 1000
COMET INFO:     pos_label                : 1
COMET INFO:     random_state             : 42
COMET INFO:     rocket_transform         : minirocket
COMET INFO:     scoring                  : None
COMET INFO:     sparse_output            : False
COMET INFO:     store_cv_values          : False
COMET INFO:     use_multivariate         : auto
COMET INFO:     with_mean                : False
COMET INFO:     with_std                 : True
COMET INFO:   Uploads:
COMET INFO:     environment details      : 1
COMET INFO:     filename                 : 1
COMET INFO:     git metadata             : 1
COMET INFO:     git-patch (uncompressed) : 1 (637 bytes)
COMET INFO:     installed packages       : 1
COMET INFO:     source_code              : 1 (3.26 KB)
COMET INFO: 
COMET WARNING: Not all initial data has been logged for experiment e2f1d741eb09420ea21ecef81b2f0d7b, call Experiment.end() to ensure that all data to have been logged
COMET INFO: Experiment is live on comet.com https://www.comet.com/mschaid/rocket-classifier-bayes-tuning/5b7c7bee43564561a0e4af789da7c389

COMET WARNING: Cannot safely convert array([[14,  1],
       [ 6,  6]]) object to a scalar value, using its string representation for logging. Resulting string might be invalid
COMET WARNING: Cannot safely convert array([[34,  0],
       [ 0, 27]]) object to a scalar value, using its string representation for logging. Resulting string might be invalid
COMET INFO: ---------------------------------------------------------------------------------------
COMET INFO: Comet.ml Experiment Summary
COMET INFO: ---------------------------------------------------------------------------------------
COMET INFO:   Data:
COMET INFO:     display_summary_level : 1
COMET INFO:     name                  : grim_lagoon_394
COMET INFO:     url                   : https://www.comet.com/mschaid/rocket-classifier-bayes-tuning/5b7c7bee43564561a0e4af789da7c389
COMET INFO:   Metrics:
COMET INFO:     accuracy_test          : 0.7407407407407407
COMET INFO:     accuracy_train         : 1.0
COMET INFO:     confusion_matrix_test  : [[14  1]
 [ 6  6]]
COMET INFO:     confusion_matrix_train : [[34  0]
 [ 0 27]]
COMET INFO:     f1_score_test          : 0.631578947368421
COMET INFO:     f1_score_train         : 1.0
COMET INFO:     precision_test         : 0.8571428571428571
COMET INFO:     precision_train        : 1.0
COMET INFO:     recall_test            : 0.5
COMET INFO:     recall_train           : 1.0
COMET INFO:     roc_auc_test           : 0.7166666666666667
COMET INFO:     roc_auc_train          : 1.0
COMET INFO:   Others:
COMET INFO:     optimizer_count        : 4
COMET INFO:     optimizer_id           : cae2bc8773454b8a92b84b2e6e0a5b7f
COMET INFO:     optimizer_metric       : f1_score_test
COMET INFO:     optimizer_metric_value : 0.631578947368421
COMET INFO:     optimizer_name         : cae2bc8773454b8a92b84b2e6e0a5b7f
COMET INFO:     optimizer_objective    : maximize
COMET INFO:     optimizer_parameters   : {"max_dilations_per_kernel": 32, "n_features_per_kernel": 20, "n_jobs": -1, "num_kernels": 50000, "random_state": 42, "rocket_transform": "rocket"}
COMET INFO:     optimizer_pid          : a651c15e227ed1ef5b8d44e4c966210fffc22327
COMET INFO:     optimizer_process      : 33745
COMET INFO:     optimizer_trial        : 1
COMET INFO:     optimizer_version      : 2.0.26
COMET INFO:   Parameters:
COMET INFO:     alpha_per_target         : False
COMET INFO:     alphas                   : [1.00000000e-03 4.64158883e-03 2.15443469e-02 1.00000000e-01
 4.64158883e-01 2.15443469e+00 1.00000000e+01 4.64158883e+01
 2.15443469e+02 1.00000000e+03]
COMET INFO:     class_weight             : None
COMET INFO:     copy                     : True
COMET INFO:     copy_X                   : True
COMET INFO:     cv                       : None
COMET INFO:     fit_intercept            : True
COMET INFO:     gcv_mode                 : None
COMET INFO:     is_clf                   : True
COMET INFO:     max_dilations_per_kernel : 32
COMET INFO:     n_features_per_kernel    : 20
COMET INFO:     n_jobs                   : -1
COMET INFO:     neg_label                : -1
COMET INFO:     num_kernels              : 50000
COMET INFO:     pos_label                : 1
COMET INFO:     random_state             : 42
COMET INFO:     rocket_transform         : rocket
COMET INFO:     scoring                  : None
COMET INFO:     sparse_output            : False
COMET INFO:     store_cv_values          : False
COMET INFO:     use_multivariate         : auto
COMET INFO:     with_mean                : False
COMET INFO:     with_std                 : True
COMET INFO:   Uploads:
COMET INFO:     conda-environment-definition : 1
COMET INFO:     conda-info                   : 1
COMET INFO:     conda-specification          : 1
COMET INFO:     environment details          : 1
COMET INFO:     filename                     : 1
COMET INFO:     git metadata                 : 1
COMET INFO:     git-patch (uncompressed)     : 1 (637 bytes)
COMET INFO:     installed packages           : 1
COMET INFO:     source_code                  : 1 (3.26 KB)
COMET INFO: 
COMET INFO: Experiment is live on comet.com https://www.comet.com/mschaid/rocket-classifier-bayes-tuning/79beb1486b194031a10671ada770e949

COMET WARNING: Cannot safely convert array([[14,  1],
       [ 4,  8]]) object to a scalar value, using its string representation for logging. Resulting string might be invalid
COMET WARNING: Cannot safely convert array([[34,  0],
       [ 0, 27]]) object to a scalar value, using its string representation for logging. Resulting string might be invalid
COMET INFO: ---------------------------------------------------------------------------------------
COMET INFO: Comet.ml Experiment Summary
COMET INFO: ---------------------------------------------------------------------------------------
COMET INFO:   Data:
COMET INFO:     display_summary_level : 1
COMET INFO:     name                  : structural_bark_7315
COMET INFO:     url                   : https://www.comet.com/mschaid/rocket-classifier-bayes-tuning/79beb1486b194031a10671ada770e949
COMET INFO:   Metrics:
COMET INFO:     accuracy_test          : 0.8148148148148148
COMET INFO:     accuracy_train         : 1.0
COMET INFO:     confusion_matrix_test  : [[14  1]
 [ 4  8]]
COMET INFO:     confusion_matrix_train : [[34  0]
 [ 0 27]]
COMET INFO:     f1_score_test          : 0.7619047619047619
COMET INFO:     f1_score_train         : 1.0
COMET INFO:     precision_test         : 0.8888888888888888
COMET INFO:     precision_train        : 1.0
COMET INFO:     recall_test            : 0.6666666666666666
COMET INFO:     recall_train           : 1.0
COMET INFO:     roc_auc_test           : 0.7999999999999999
COMET INFO:     roc_auc_train          : 1.0
COMET INFO:   Others:
COMET INFO:     optimizer_count        : 5
COMET INFO:     optimizer_id           : cae2bc8773454b8a92b84b2e6e0a5b7f
COMET INFO:     optimizer_metric       : f1_score_test
COMET INFO:     optimizer_metric_value : 0.7619047619047619
COMET INFO:     optimizer_name         : cae2bc8773454b8a92b84b2e6e0a5b7f
COMET INFO:     optimizer_objective    : maximize
COMET INFO:     optimizer_parameters   : {"max_dilations_per_kernel": 8, "n_features_per_kernel": 50, "n_jobs": -1, "num_kernels": 10000, "random_state": 42, "rocket_transform": "minirocket"}
COMET INFO:     optimizer_pid          : 21105bd9e4b90a7ef102641381de02f5ba78e50c
COMET INFO:     optimizer_process      : 33745
COMET INFO:     optimizer_trial        : 1
COMET INFO:     optimizer_version      : 2.0.26
COMET INFO:   Parameters:
COMET INFO:     alpha_per_target         : False
COMET INFO:     alphas                   : [1.00000000e-03 4.64158883e-03 2.15443469e-02 1.00000000e-01
 4.64158883e-01 2.15443469e+00 1.00000000e+01 4.64158883e+01
 2.15443469e+02 1.00000000e+03]
COMET INFO:     class_weight             : None
COMET INFO:     copy                     : True
COMET INFO:     copy_X                   : True
COMET INFO:     cv                       : None
COMET INFO:     fit_intercept            : True
COMET INFO:     gcv_mode                 : None
COMET INFO:     is_clf                   : True
COMET INFO:     max_dilations_per_kernel : 8
COMET INFO:     n_features_per_kernel    : 50
COMET INFO:     n_jobs                   : -1
COMET INFO:     neg_label                : -1
COMET INFO:     num_kernels              : 10000
COMET INFO:     pos_label                : 1
COMET INFO:     random_state             : 42
COMET INFO:     rocket_transform         : minirocket
COMET INFO:     scoring                  : None
COMET INFO:     sparse_output            : False
COMET INFO:     store_cv_values          : False
COMET INFO:     use_multivariate         : auto
COMET INFO:     with_mean                : False
COMET INFO:     with_std                 : True
COMET INFO:   Uploads:
COMET INFO:     conda-environment-definition : 1
COMET INFO:     conda-info                   : 1
COMET INFO:     conda-specification          : 1
COMET INFO:     environment details          : 1
COMET INFO:     filename                     : 1
COMET INFO:     git metadata                 : 1
COMET INFO:     git-patch (uncompressed)     : 1 (637 bytes)
COMET INFO:     installed packages           : 1
COMET INFO:     source_code                  : 1 (3.26 KB)
COMET INFO: 
COMET INFO: Experiment is live on comet.com https://www.comet.com/mschaid/rocket-classifier-bayes-tuning/133596b2ec80464488860fe76bc9dcbc

COMET WARNING: Cannot safely convert array([[14,  1],
       [ 6,  6]]) object to a scalar value, using its string representation for logging. Resulting string might be invalid
COMET WARNING: Cannot safely convert array([[34,  0],
       [ 0, 27]]) object to a scalar value, using its string representation for logging. Resulting string might be invalid
COMET INFO: ---------------------------------------------------------------------------------------
COMET INFO: Comet.ml Experiment Summary
COMET INFO: ---------------------------------------------------------------------------------------
COMET INFO:   Data:
COMET INFO:     display_summary_level : 1
COMET INFO:     name                  : numerous_aardwolf_2049
COMET INFO:     url                   : https://www.comet.com/mschaid/rocket-classifier-bayes-tuning/133596b2ec80464488860fe76bc9dcbc
COMET INFO:   Metrics:
COMET INFO:     accuracy_test          : 0.7407407407407407
COMET INFO:     accuracy_train         : 1.0
COMET INFO:     confusion_matrix_test  : [[14  1]
 [ 6  6]]
COMET INFO:     confusion_matrix_train : [[34  0]
 [ 0 27]]
COMET INFO:     f1_score_test          : 0.631578947368421
COMET INFO:     f1_score_train         : 1.0
COMET INFO:     precision_test         : 0.8571428571428571
COMET INFO:     precision_train        : 1.0
COMET INFO:     recall_test            : 0.5
COMET INFO:     recall_train           : 1.0
COMET INFO:     roc_auc_test           : 0.7166666666666667
COMET INFO:     roc_auc_train          : 1.0
COMET INFO:   Others:
COMET INFO:     optimizer_count        : 6
COMET INFO:     optimizer_id           : cae2bc8773454b8a92b84b2e6e0a5b7f
COMET INFO:     optimizer_metric       : f1_score_test
COMET INFO:     optimizer_metric_value : 0.631578947368421
COMET INFO:     optimizer_name         : cae2bc8773454b8a92b84b2e6e0a5b7f
COMET INFO:     optimizer_objective    : maximize
COMET INFO:     optimizer_parameters   : {"max_dilations_per_kernel": 64, "n_features_per_kernel": 20, "n_jobs": -1, "num_kernels": 50000, "random_state": 42, "rocket_transform": "rocket"}
COMET INFO:     optimizer_pid          : 939252a22d4b8134ab9c35c134810e1bbb09fa81
COMET INFO:     optimizer_process      : 33745
COMET INFO:     optimizer_trial        : 1
COMET INFO:     optimizer_version      : 2.0.26
COMET INFO:   Parameters:
COMET INFO:     alpha_per_target         : False
COMET INFO:     alphas                   : [1.00000000e-03 4.64158883e-03 2.15443469e-02 1.00000000e-01
 4.64158883e-01 2.15443469e+00 1.00000000e+01 4.64158883e+01
 2.15443469e+02 1.00000000e+03]
COMET INFO:     class_weight             : None
COMET INFO:     copy                     : True
COMET INFO:     copy_X                   : True
COMET INFO:     cv                       : None
COMET INFO:     fit_intercept            : True
COMET INFO:     gcv_mode                 : None
COMET INFO:     is_clf                   : True
COMET INFO:     max_dilations_per_kernel : 64
COMET INFO:     n_features_per_kernel    : 20
COMET INFO:     n_jobs                   : -1
COMET INFO:     neg_label                : -1
COMET INFO:     num_kernels              : 50000
COMET INFO:     pos_label                : 1
COMET INFO:     random_state             : 42
COMET INFO:     rocket_transform         : rocket
COMET INFO:     scoring                  : None
COMET INFO:     sparse_output            : False
COMET INFO:     store_cv_values          : False
COMET INFO:     use_multivariate         : auto
COMET INFO:     with_mean                : False
COMET INFO:     with_std                 : True
COMET INFO:   Uploads:
COMET INFO:     conda-environment-definition : 1
COMET INFO:     conda-info                   : 1
COMET INFO:     conda-specification          : 1
COMET INFO:     environment details          : 1
COMET INFO:     filename                     : 1
COMET INFO:     git metadata                 : 1
COMET INFO:     git-patch (uncompressed)     : 1 (637 bytes)
COMET INFO:     installed packages           : 1
COMET INFO:     source_code                  : 1 (3.26 KB)
COMET INFO: 
COMET INFO: Experiment is live on comet.com https://www.comet.com/mschaid/rocket-classifier-bayes-tuning/c608e20545f74c879904f55ecebfca8d

COMET WARNING: Cannot safely convert array([[13,  2],
       [ 7,  5]]) object to a scalar value, using its string representation for logging. Resulting string might be invalid
COMET WARNING: Cannot safely convert array([[34,  0],
       [ 0, 27]]) object to a scalar value, using its string representation for logging. Resulting string might be invalid
COMET INFO: ---------------------------------------------------------------------------------------
COMET INFO: Comet.ml Experiment Summary
COMET INFO: ---------------------------------------------------------------------------------------
COMET INFO:   Data:
COMET INFO:     display_summary_level : 1
COMET INFO:     name                  : variable_emu_5168
COMET INFO:     url                   : https://www.comet.com/mschaid/rocket-classifier-bayes-tuning/c608e20545f74c879904f55ecebfca8d
COMET INFO:   Metrics:
COMET INFO:     accuracy_test          : 0.6666666666666666
COMET INFO:     accuracy_train         : 1.0
COMET INFO:     confusion_matrix_test  : [[13  2]
 [ 7  5]]
COMET INFO:     confusion_matrix_train : [[34  0]
 [ 0 27]]
COMET INFO:     f1_score_test          : 0.5263157894736842
COMET INFO:     f1_score_train         : 1.0
COMET INFO:     precision_test         : 0.7142857142857143
COMET INFO:     precision_train        : 1.0
COMET INFO:     recall_test            : 0.4166666666666667
COMET INFO:     recall_train           : 1.0
COMET INFO:     roc_auc_test           : 0.6416666666666667
COMET INFO:     roc_auc_train          : 1.0
COMET INFO:   Others:
COMET INFO:     optimizer_count        : 7
COMET INFO:     optimizer_id           : cae2bc8773454b8a92b84b2e6e0a5b7f
COMET INFO:     optimizer_metric       : f1_score_test
COMET INFO:     optimizer_metric_value : 0.5263157894736842
COMET INFO:     optimizer_name         : cae2bc8773454b8a92b84b2e6e0a5b7f
COMET INFO:     optimizer_objective    : maximize
COMET INFO:     optimizer_parameters   : {"max_dilations_per_kernel": 16, "n_features_per_kernel": 20, "n_jobs": -1, "num_kernels": 10000, "random_state": 42, "rocket_transform": "rocket"}
COMET INFO:     optimizer_pid          : 6336fb3ce84778ac1366453321349f7ae6782d8d
COMET INFO:     optimizer_process      : 33745
COMET INFO:     optimizer_trial        : 1
COMET INFO:     optimizer_version      : 2.0.26
COMET INFO:   Parameters:
COMET INFO:     alpha_per_target         : False
COMET INFO:     alphas                   : [1.00000000e-03 4.64158883e-03 2.15443469e-02 1.00000000e-01
 4.64158883e-01 2.15443469e+00 1.00000000e+01 4.64158883e+01
 2.15443469e+02 1.00000000e+03]
COMET INFO:     class_weight             : None
COMET INFO:     copy                     : True
COMET INFO:     copy_X                   : True
COMET INFO:     cv                       : None
COMET INFO:     fit_intercept            : True
COMET INFO:     gcv_mode                 : None
COMET INFO:     is_clf                   : True
COMET INFO:     max_dilations_per_kernel : 16
COMET INFO:     n_features_per_kernel    : 20
COMET INFO:     n_jobs                   : -1
COMET INFO:     neg_label                : -1
COMET INFO:     num_kernels              : 10000
COMET INFO:     pos_label                : 1
COMET INFO:     random_state             : 42
COMET INFO:     rocket_transform         : rocket
COMET INFO:     scoring                  : None
COMET INFO:     sparse_output            : False
COMET INFO:     store_cv_values          : False
COMET INFO:     use_multivariate         : auto
COMET INFO:     with_mean                : False
COMET INFO:     with_std                 : True
COMET INFO:   Uploads:
COMET INFO:     conda-environment-definition : 1
COMET INFO:     conda-info                   : 1
COMET INFO:     conda-specification          : 1
COMET INFO:     environment details          : 1
COMET INFO:     filename                     : 1
COMET INFO:     git metadata                 : 1
COMET INFO:     git-patch (uncompressed)     : 1 (637 bytes)
COMET INFO:     installed packages           : 1
COMET INFO:     source_code                  : 1 (3.26 KB)
COMET INFO: 
COMET INFO: Experiment is live on comet.com https://www.comet.com/mschaid/rocket-classifier-bayes-tuning/5e18c8c4663047f0a6cabd11796a30d8

COMET WARNING: Cannot safely convert array([[13,  2],
       [ 5,  7]]) object to a scalar value, using its string representation for logging. Resulting string might be invalid
COMET WARNING: Cannot safely convert array([[34,  0],
       [ 0, 27]]) object to a scalar value, using its string representation for logging. Resulting string might be invalid
COMET INFO: ---------------------------------------------------------------------------------------
COMET INFO: Comet.ml Experiment Summary
COMET INFO: ---------------------------------------------------------------------------------------
COMET INFO:   Data:
COMET INFO:     display_summary_level : 1
COMET INFO:     name                  : underlying_stud_7346
COMET INFO:     url                   : https://www.comet.com/mschaid/rocket-classifier-bayes-tuning/5e18c8c4663047f0a6cabd11796a30d8
COMET INFO:   Metrics:
COMET INFO:     accuracy_test          : 0.7407407407407407
COMET INFO:     accuracy_train         : 1.0
COMET INFO:     confusion_matrix_test  : [[13  2]
 [ 5  7]]
COMET INFO:     confusion_matrix_train : [[34  0]
 [ 0 27]]
COMET INFO:     f1_score_test          : 0.6666666666666666
COMET INFO:     f1_score_train         : 1.0
COMET INFO:     precision_test         : 0.7777777777777778
COMET INFO:     precision_train        : 1.0
COMET INFO:     recall_test            : 0.5833333333333334
COMET INFO:     recall_train           : 1.0
COMET INFO:     roc_auc_test           : 0.7250000000000001
COMET INFO:     roc_auc_train          : 1.0
COMET INFO:   Others:
COMET INFO:     optimizer_count        : 8
COMET INFO:     optimizer_id           : cae2bc8773454b8a92b84b2e6e0a5b7f
COMET INFO:     optimizer_metric       : f1_score_test
COMET INFO:     optimizer_metric_value : 0.6666666666666666
COMET INFO:     optimizer_name         : cae2bc8773454b8a92b84b2e6e0a5b7f
COMET INFO:     optimizer_objective    : maximize
COMET INFO:     optimizer_parameters   : {"max_dilations_per_kernel": 8, "n_features_per_kernel": 20, "n_jobs": -1, "num_kernels": 100000, "random_state": 42, "rocket_transform": "rocket"}
COMET INFO:     optimizer_pid          : c1a73e0d1041aa1a611a75b5313926888c202627
COMET INFO:     optimizer_process      : 33745
COMET INFO:     optimizer_trial        : 1
COMET INFO:     optimizer_version      : 2.0.26
COMET INFO:   Parameters:
COMET INFO:     alpha_per_target         : False
COMET INFO:     alphas                   : [1.00000000e-03 4.64158883e-03 2.15443469e-02 1.00000000e-01
 4.64158883e-01 2.15443469e+00 1.00000000e+01 4.64158883e+01
 2.15443469e+02 1.00000000e+03]
COMET INFO:     class_weight             : None
COMET INFO:     copy                     : True
COMET INFO:     copy_X                   : True
COMET INFO:     cv                       : None
COMET INFO:     fit_intercept            : True
COMET INFO:     gcv_mode                 : None
COMET INFO:     is_clf                   : True
COMET INFO:     max_dilations_per_kernel : 8
COMET INFO:     n_features_per_kernel    : 20
COMET INFO:     n_jobs                   : -1
COMET INFO:     neg_label                : -1
COMET INFO:     num_kernels              : 100000
COMET INFO:     pos_label                : 1
COMET INFO:     random_state             : 42
COMET INFO:     rocket_transform         : rocket
COMET INFO:     scoring                  : None
COMET INFO:     sparse_output            : False
COMET INFO:     store_cv_values          : False
COMET INFO:     use_multivariate         : auto
COMET INFO:     with_mean                : False
COMET INFO:     with_std                 : True
COMET INFO:   Uploads:
COMET INFO:     conda-environment-definition : 1
COMET INFO:     conda-info                   : 1
COMET INFO:     conda-specification          : 1
COMET INFO:     environment details          : 1
COMET INFO:     filename                     : 1
COMET INFO:     git metadata                 : 1
COMET INFO:     git-patch (uncompressed)     : 1 (637 bytes)
COMET INFO:     installed packages           : 1
COMET INFO:     source_code                  : 1 (3.26 KB)
COMET INFO: 
COMET INFO: Experiment is live on comet.com https://www.comet.com/mschaid/rocket-classifier-bayes-tuning/d967d6f4e3674ffab0379685d9beab85

COMET WARNING: Cannot safely convert array([[13,  2],
       [ 4,  8]]) object to a scalar value, using its string representation for logging. Resulting string might be invalid
COMET WARNING: Cannot safely convert array([[34,  0],
       [ 0, 27]]) object to a scalar value, using its string representation for logging. Resulting string might be invalid
COMET INFO: ---------------------------------------------------------------------------------------
COMET INFO: Comet.ml Experiment Summary
COMET INFO: ---------------------------------------------------------------------------------------
COMET INFO:   Data:
COMET INFO:     display_summary_level : 1
COMET INFO:     name                  : shaky_rambutan_3908
COMET INFO:     url                   : https://www.comet.com/mschaid/rocket-classifier-bayes-tuning/d967d6f4e3674ffab0379685d9beab85
COMET INFO:   Metrics:
COMET INFO:     accuracy_test          : 0.7777777777777778
COMET INFO:     accuracy_train         : 1.0
COMET INFO:     confusion_matrix_test  : [[13  2]
 [ 4  8]]
COMET INFO:     confusion_matrix_train : [[34  0]
 [ 0 27]]
COMET INFO:     f1_score_test          : 0.7272727272727273
COMET INFO:     f1_score_train         : 1.0
COMET INFO:     precision_test         : 0.8
COMET INFO:     precision_train        : 1.0
COMET INFO:     recall_test            : 0.6666666666666666
COMET INFO:     recall_train           : 1.0
COMET INFO:     roc_auc_test           : 0.7666666666666666
COMET INFO:     roc_auc_train          : 1.0
COMET INFO:   Others:
COMET INFO:     optimizer_count        : 9
COMET INFO:     optimizer_id           : cae2bc8773454b8a92b84b2e6e0a5b7f
COMET INFO:     optimizer_metric       : f1_score_test
COMET INFO:     optimizer_metric_value : 0.7272727272727273
COMET INFO:     optimizer_name         : cae2bc8773454b8a92b84b2e6e0a5b7f
COMET INFO:     optimizer_objective    : maximize
COMET INFO:     optimizer_parameters   : {"max_dilations_per_kernel": 16, "n_features_per_kernel": 50, "n_jobs": -1, "num_kernels": 10000, "random_state": 42, "rocket_transform": "minirocket"}
COMET INFO:     optimizer_pid          : 2cd0a209a042ebe662f35f2a9f6737b1ceaadda0
COMET INFO:     optimizer_process      : 33745
COMET INFO:     optimizer_trial        : 1
COMET INFO:     optimizer_version      : 2.0.26
COMET INFO:   Parameters:
COMET INFO:     alpha_per_target         : False
COMET INFO:     alphas                   : [1.00000000e-03 4.64158883e-03 2.15443469e-02 1.00000000e-01
 4.64158883e-01 2.15443469e+00 1.00000000e+01 4.64158883e+01
 2.15443469e+02 1.00000000e+03]
COMET INFO:     class_weight             : None
COMET INFO:     copy                     : True
COMET INFO:     copy_X                   : True
COMET INFO:     cv                       : None
COMET INFO:     fit_intercept            : True
COMET INFO:     gcv_mode                 : None
COMET INFO:     is_clf                   : True
COMET INFO:     max_dilations_per_kernel : 16
COMET INFO:     n_features_per_kernel    : 50
COMET INFO:     n_jobs                   : -1
COMET INFO:     neg_label                : -1
COMET INFO:     num_kernels              : 10000
COMET INFO:     pos_label                : 1
COMET INFO:     random_state             : 42
COMET INFO:     rocket_transform         : minirocket
COMET INFO:     scoring                  : None
COMET INFO:     sparse_output            : False
COMET INFO:     store_cv_values          : False
COMET INFO:     use_multivariate         : auto
COMET INFO:     with_mean                : False
COMET INFO:     with_std                 : True
COMET INFO:   Uploads:
COMET INFO:     conda-environment-definition : 1
COMET INFO:     conda-info                   : 1
COMET INFO:     conda-specification          : 1
COMET INFO:     environment details          : 1
COMET INFO:     filename                     : 1
COMET INFO:     git metadata                 : 1
COMET INFO:     git-patch (uncompressed)     : 1 (637 bytes)
COMET INFO:     installed packages           : 1
COMET INFO:     source_code                  : 1 (3.26 KB)
COMET INFO: 
COMET INFO: Experiment is live on comet.com https://www.comet.com/mschaid/rocket-classifier-bayes-tuning/5f2e2f6f86254a36ae712901d0d19dfe

COMET WARNING: Cannot safely convert array([[14,  1],
       [ 9,  3]]) object to a scalar value, using its string representation for logging. Resulting string might be invalid
COMET WARNING: Cannot safely convert array([[34,  0],
       [ 0, 27]]) object to a scalar value, using its string representation for logging. Resulting string might be invalid
COMET INFO: ---------------------------------------------------------------------------------------
COMET INFO: Comet.ml Experiment Summary
COMET INFO: ---------------------------------------------------------------------------------------
COMET INFO:   Data:
COMET INFO:     display_summary_level : 1
COMET INFO:     name                  : mammoth_burger_3486
COMET INFO:     url                   : https://www.comet.com/mschaid/rocket-classifier-bayes-tuning/5f2e2f6f86254a36ae712901d0d19dfe
COMET INFO:   Metrics:
COMET INFO:     accuracy_test          : 0.6296296296296297
COMET INFO:     accuracy_train         : 1.0
COMET INFO:     confusion_matrix_test  : [[14  1]
 [ 9  3]]
COMET INFO:     confusion_matrix_train : [[34  0]
 [ 0 27]]
COMET INFO:     f1_score_test          : 0.375
COMET INFO:     f1_score_train         : 1.0
COMET INFO:     precision_test         : 0.75
COMET INFO:     precision_train        : 1.0
COMET INFO:     recall_test            : 0.25
COMET INFO:     recall_train           : 1.0
COMET INFO:     roc_auc_test           : 0.5916666666666667
COMET INFO:     roc_auc_train          : 1.0
COMET INFO:   Others:
COMET INFO:     optimizer_count        : 10
COMET INFO:     optimizer_id           : cae2bc8773454b8a92b84b2e6e0a5b7f
COMET INFO:     optimizer_metric       : f1_score_test
COMET INFO:     optimizer_metric_value : 0.375
COMET INFO:     optimizer_name         : cae2bc8773454b8a92b84b2e6e0a5b7f
COMET INFO:     optimizer_objective    : maximize
COMET INFO:     optimizer_parameters   : {"max_dilations_per_kernel": 64, "n_features_per_kernel": 100, "n_jobs": -1, "num_kernels": 1000, "random_state": 42, "rocket_transform": "rocket"}
COMET INFO:     optimizer_pid          : 056641383829ca9dc9a299b79944ff318f8d6fd7
COMET INFO:     optimizer_process      : 33745
COMET INFO:     optimizer_trial        : 1
COMET INFO:     optimizer_version      : 2.0.26
COMET INFO:   Parameters:
COMET INFO:     alpha_per_target         : False
COMET INFO:     alphas                   : [1.00000000e-03 4.64158883e-03 2.15443469e-02 1.00000000e-01
 4.64158883e-01 2.15443469e+00 1.00000000e+01 4.64158883e+01
 2.15443469e+02 1.00000000e+03]
COMET INFO:     class_weight             : None
COMET INFO:     copy                     : True
COMET INFO:     copy_X                   : True
COMET INFO:     cv                       : None
COMET INFO:     fit_intercept            : True
COMET INFO:     gcv_mode                 : None
COMET INFO:     is_clf                   : True
COMET INFO:     max_dilations_per_kernel : 64
COMET INFO:     n_features_per_kernel    : 100
COMET INFO:     n_jobs                   : -1
COMET INFO:     neg_label                : -1
COMET INFO:     num_kernels              : 1000
COMET INFO:     pos_label                : 1
COMET INFO:     random_state             : 42
COMET INFO:     rocket_transform         : rocket
COMET INFO:     scoring                  : None
COMET INFO:     sparse_output            : False
COMET INFO:     store_cv_values          : False
COMET INFO:     use_multivariate         : auto
COMET INFO:     with_mean                : False
COMET INFO:     with_std                 : True
COMET INFO:   Uploads:
COMET INFO:     conda-environment-definition : 1
COMET INFO:     conda-info                   : 1
COMET INFO:     conda-specification          : 1
COMET INFO:     environment details          : 1
COMET INFO:     filename                     : 1
COMET INFO:     git metadata                 : 1
COMET INFO:     git-patch (uncompressed)     : 1 (637 bytes)
COMET INFO:     installed packages           : 1
COMET INFO:     source_code                  : 1 (3.26 KB)
COMET INFO: 
COMET INFO: Experiment is live on comet.com https://www.comet.com/mschaid/rocket-classifier-bayes-tuning/6e5f2fbbe2134f2aaf8e4fac25b3ac51

COMET WARNING: Cannot safely convert array([[13,  2],
       [ 5,  7]]) object to a scalar value, using its string representation for logging. Resulting string might be invalid
COMET WARNING: Cannot safely convert array([[34,  0],
       [ 0, 27]]) object to a scalar value, using its string representation for logging. Resulting string might be invalid
COMET INFO: ---------------------------------------------------------------------------------------
COMET INFO: Comet.ml Experiment Summary
COMET INFO: ---------------------------------------------------------------------------------------
COMET INFO:   Data:
COMET INFO:     display_summary_level : 1
COMET INFO:     name                  : gothic_cricket_6192
COMET INFO:     url                   : https://www.comet.com/mschaid/rocket-classifier-bayes-tuning/6e5f2fbbe2134f2aaf8e4fac25b3ac51
COMET INFO:   Metrics:
COMET INFO:     accuracy_test          : 0.7407407407407407
COMET INFO:     accuracy_train         : 1.0
COMET INFO:     confusion_matrix_test  : [[13  2]
 [ 5  7]]
COMET INFO:     confusion_matrix_train : [[34  0]
 [ 0 27]]
COMET INFO:     f1_score_test          : 0.6666666666666666
COMET INFO:     f1_score_train         : 1.0
COMET INFO:     precision_test         : 0.7777777777777778
COMET INFO:     precision_train        : 1.0
COMET INFO:     recall_test            : 0.5833333333333334
COMET INFO:     recall_train           : 1.0
COMET INFO:     roc_auc_test           : 0.7250000000000001
COMET INFO:     roc_auc_train          : 1.0
COMET INFO:   Others:
COMET INFO:     optimizer_count        : 11
COMET INFO:     optimizer_id           : cae2bc8773454b8a92b84b2e6e0a5b7f
COMET INFO:     optimizer_metric       : f1_score_test
COMET INFO:     optimizer_metric_value : 0.6666666666666666
COMET INFO:     optimizer_name         : cae2bc8773454b8a92b84b2e6e0a5b7f
COMET INFO:     optimizer_objective    : maximize
COMET INFO:     optimizer_parameters   : {"max_dilations_per_kernel": 32, "n_features_per_kernel": 50, "n_jobs": -1, "num_kernels": 100000, "random_state": 42, "rocket_transform": "rocket"}
COMET INFO:     optimizer_pid          : f83de26067d077eb0338c78d4b4f535a09492f8c
COMET INFO:     optimizer_process      : 33745
COMET INFO:     optimizer_trial        : 1
COMET INFO:     optimizer_version      : 2.0.26
COMET INFO:   Parameters:
COMET INFO:     alpha_per_target         : False
COMET INFO:     alphas                   : [1.00000000e-03 4.64158883e-03 2.15443469e-02 1.00000000e-01
 4.64158883e-01 2.15443469e+00 1.00000000e+01 4.64158883e+01
 2.15443469e+02 1.00000000e+03]
COMET INFO:     class_weight             : None
COMET INFO:     copy                     : True
COMET INFO:     copy_X                   : True
COMET INFO:     cv                       : None
COMET INFO:     fit_intercept            : True
COMET INFO:     gcv_mode                 : None
COMET INFO:     is_clf                   : True
COMET INFO:     max_dilations_per_kernel : 32
COMET INFO:     n_features_per_kernel    : 50
COMET INFO:     n_jobs                   : -1
COMET INFO:     neg_label                : -1
COMET INFO:     num_kernels              : 100000
COMET INFO:     pos_label                : 1
COMET INFO:     random_state             : 42
COMET INFO:     rocket_transform         : rocket
COMET INFO:     scoring                  : None
COMET INFO:     sparse_output            : False
COMET INFO:     store_cv_values          : False
COMET INFO:     use_multivariate         : auto
COMET INFO:     with_mean                : False
COMET INFO:     with_std                 : True
COMET INFO:   Uploads:
COMET INFO:     conda-environment-definition : 1
COMET INFO:     conda-info                   : 1
COMET INFO:     conda-specification          : 1
COMET INFO:     environment details          : 1
COMET INFO:     filename                     : 1
COMET INFO:     git metadata                 : 1
COMET INFO:     git-patch (uncompressed)     : 1 (637 bytes)
COMET INFO:     installed packages           : 1
COMET INFO:     source_code                  : 1 (3.26 KB)
COMET INFO: 
COMET INFO: Experiment is live on comet.com https://www.comet.com/mschaid/rocket-classifier-bayes-tuning/756c8087a9944befb2e7653dcd34fc00

COMET WARNING: Cannot safely convert array([[13,  2],
       [ 5,  7]]) object to a scalar value, using its string representation for logging. Resulting string might be invalid
COMET WARNING: Cannot safely convert array([[34,  0],
       [ 0, 27]]) object to a scalar value, using its string representation for logging. Resulting string might be invalid
COMET INFO: ---------------------------------------------------------------------------------------
COMET INFO: Comet.ml Experiment Summary
COMET INFO: ---------------------------------------------------------------------------------------
COMET INFO:   Data:
COMET INFO:     display_summary_level : 1
COMET INFO:     name                  : top_curd_4701
COMET INFO:     url                   : https://www.comet.com/mschaid/rocket-classifier-bayes-tuning/756c8087a9944befb2e7653dcd34fc00
COMET INFO:   Metrics:
COMET INFO:     accuracy_test          : 0.7407407407407407
COMET INFO:     accuracy_train         : 1.0
COMET INFO:     confusion_matrix_test  : [[13  2]
 [ 5  7]]
COMET INFO:     confusion_matrix_train : [[34  0]
 [ 0 27]]
COMET INFO:     f1_score_test          : 0.6666666666666666
COMET INFO:     f1_score_train         : 1.0
COMET INFO:     precision_test         : 0.7777777777777778
COMET INFO:     precision_train        : 1.0
COMET INFO:     recall_test            : 0.5833333333333334
COMET INFO:     recall_train           : 1.0
COMET INFO:     roc_auc_test           : 0.7250000000000001
COMET INFO:     roc_auc_train          : 1.0
COMET INFO:   Others:
COMET INFO:     optimizer_count        : 12
COMET INFO:     optimizer_id           : cae2bc8773454b8a92b84b2e6e0a5b7f
COMET INFO:     optimizer_metric       : f1_score_test
COMET INFO:     optimizer_metric_value : 0.6666666666666666
COMET INFO:     optimizer_name         : cae2bc8773454b8a92b84b2e6e0a5b7f
COMET INFO:     optimizer_objective    : maximize
COMET INFO:     optimizer_parameters   : {"max_dilations_per_kernel": 32, "n_features_per_kernel": 20, "n_jobs": -1, "num_kernels": 100000, "random_state": 42, "rocket_transform": "rocket"}
COMET INFO:     optimizer_pid          : da87e041411aed3529bf60a5633bb3f72dcab14e
COMET INFO:     optimizer_process      : 33745
COMET INFO:     optimizer_trial        : 1
COMET INFO:     optimizer_version      : 2.0.26
COMET INFO:   Parameters:
COMET INFO:     alpha_per_target         : False
COMET INFO:     alphas                   : [1.00000000e-03 4.64158883e-03 2.15443469e-02 1.00000000e-01
 4.64158883e-01 2.15443469e+00 1.00000000e+01 4.64158883e+01
 2.15443469e+02 1.00000000e+03]
COMET INFO:     class_weight             : None
COMET INFO:     copy                     : True
COMET INFO:     copy_X                   : True
COMET INFO:     cv                       : None
COMET INFO:     fit_intercept            : True
COMET INFO:     gcv_mode                 : None
COMET INFO:     is_clf                   : True
COMET INFO:     max_dilations_per_kernel : 32
COMET INFO:     n_features_per_kernel    : 20
COMET INFO:     n_jobs                   : -1
COMET INFO:     neg_label                : -1
COMET INFO:     num_kernels              : 100000
COMET INFO:     pos_label                : 1
COMET INFO:     random_state             : 42
COMET INFO:     rocket_transform         : rocket
COMET INFO:     scoring                  : None
COMET INFO:     sparse_output            : False
COMET INFO:     store_cv_values          : False
COMET INFO:     use_multivariate         : auto
COMET INFO:     with_mean                : False
COMET INFO:     with_std                 : True
COMET INFO:   Uploads:
COMET INFO:     conda-environment-definition : 1
COMET INFO:     conda-info                   : 1
COMET INFO:     conda-specification          : 1
COMET INFO:     environment details          : 1
COMET INFO:     filename                     : 1
COMET INFO:     git metadata                 : 1
COMET INFO:     git-patch (uncompressed)     : 1 (637 bytes)
COMET INFO:     installed packages           : 1
COMET INFO:     source_code                  : 1 (3.26 KB)
COMET INFO: 
COMET INFO: Experiment is live on comet.com https://www.comet.com/mschaid/rocket-classifier-bayes-tuning/cbd311529bf54ed18c2d6f5684210675

COMET WARNING: Cannot safely convert array([[13,  2],
       [ 5,  7]]) object to a scalar value, using its string representation for logging. Resulting string might be invalid
COMET WARNING: Cannot safely convert array([[34,  0],
       [ 0, 27]]) object to a scalar value, using its string representation for logging. Resulting string might be invalid
COMET INFO: ---------------------------------------------------------------------------------------
COMET INFO: Comet.ml Experiment Summary
COMET INFO: ---------------------------------------------------------------------------------------
COMET INFO:   Data:
COMET INFO:     display_summary_level : 1
COMET INFO:     name                  : joyous_plywood_7478
COMET INFO:     url                   : https://www.comet.com/mschaid/rocket-classifier-bayes-tuning/cbd311529bf54ed18c2d6f5684210675
COMET INFO:   Metrics:
COMET INFO:     accuracy_test          : 0.7407407407407407
COMET INFO:     accuracy_train         : 1.0
COMET INFO:     confusion_matrix_test  : [[13  2]
 [ 5  7]]
COMET INFO:     confusion_matrix_train : [[34  0]
 [ 0 27]]
COMET INFO:     f1_score_test          : 0.6666666666666666
COMET INFO:     f1_score_train         : 1.0
COMET INFO:     precision_test         : 0.7777777777777778
COMET INFO:     precision_train        : 1.0
COMET INFO:     recall_test            : 0.5833333333333334
COMET INFO:     recall_train           : 1.0
COMET INFO:     roc_auc_test           : 0.7250000000000001
COMET INFO:     roc_auc_train          : 1.0
COMET INFO:   Others:
COMET INFO:     optimizer_count        : 13
COMET INFO:     optimizer_id           : cae2bc8773454b8a92b84b2e6e0a5b7f
COMET INFO:     optimizer_metric       : f1_score_test
COMET INFO:     optimizer_metric_value : 0.6666666666666666
COMET INFO:     optimizer_name         : cae2bc8773454b8a92b84b2e6e0a5b7f
COMET INFO:     optimizer_objective    : maximize
COMET INFO:     optimizer_parameters   : {"max_dilations_per_kernel": 16, "n_features_per_kernel": 50, "n_jobs": -1, "num_kernels": 100000, "random_state": 42, "rocket_transform": "rocket"}
COMET INFO:     optimizer_pid          : 7b6f88216ccb4b58f4c9e8dc7a3a8d2ac0d559ec
COMET INFO:     optimizer_process      : 33745
COMET INFO:     optimizer_trial        : 1
COMET INFO:     optimizer_version      : 2.0.26
COMET INFO:   Parameters:
COMET INFO:     alpha_per_target         : False
COMET INFO:     alphas                   : [1.00000000e-03 4.64158883e-03 2.15443469e-02 1.00000000e-01
 4.64158883e-01 2.15443469e+00 1.00000000e+01 4.64158883e+01
 2.15443469e+02 1.00000000e+03]
COMET INFO:     class_weight             : None
COMET INFO:     copy                     : True
COMET INFO:     copy_X                   : True
COMET INFO:     cv                       : None
COMET INFO:     fit_intercept            : True
COMET INFO:     gcv_mode                 : None
COMET INFO:     is_clf                   : True
COMET INFO:     max_dilations_per_kernel : 16
COMET INFO:     n_features_per_kernel    : 50
COMET INFO:     n_jobs                   : -1
COMET INFO:     neg_label                : -1
COMET INFO:     num_kernels              : 100000
COMET INFO:     pos_label                : 1
COMET INFO:     random_state             : 42
COMET INFO:     rocket_transform         : rocket
COMET INFO:     scoring                  : None
COMET INFO:     sparse_output            : False
COMET INFO:     store_cv_values          : False
COMET INFO:     use_multivariate         : auto
COMET INFO:     with_mean                : False
COMET INFO:     with_std                 : True
COMET INFO:   Uploads:
COMET INFO:     conda-environment-definition : 1
COMET INFO:     conda-info                   : 1
COMET INFO:     conda-specification          : 1
COMET INFO:     environment details          : 1
COMET INFO:     filename                     : 1
COMET INFO:     git metadata                 : 1
COMET INFO:     git-patch (uncompressed)     : 1 (637 bytes)
COMET INFO:     installed packages           : 1
COMET INFO:     source_code                  : 1 (3.26 KB)
COMET INFO: 
COMET INFO: Experiment is live on comet.com https://www.comet.com/mschaid/rocket-classifier-bayes-tuning/63c36174d714424b8b29f04c365f2705

COMET WARNING: Cannot safely convert array([[13,  2],
       [ 4,  8]]) object to a scalar value, using its string representation for logging. Resulting string might be invalid
COMET WARNING: Cannot safely convert array([[34,  0],
       [ 0, 27]]) object to a scalar value, using its string representation for logging. Resulting string might be invalid
COMET INFO: ---------------------------------------------------------------------------------------
COMET INFO: Comet.ml Experiment Summary
COMET INFO: ---------------------------------------------------------------------------------------
COMET INFO:   Data:
COMET INFO:     display_summary_level : 1
COMET INFO:     name                  : big_termite_6525
COMET INFO:     url                   : https://www.comet.com/mschaid/rocket-classifier-bayes-tuning/63c36174d714424b8b29f04c365f2705
COMET INFO:   Metrics:
COMET INFO:     accuracy_test          : 0.7777777777777778
COMET INFO:     accuracy_train         : 1.0
COMET INFO:     confusion_matrix_test  : [[13  2]
 [ 4  8]]
COMET INFO:     confusion_matrix_train : [[34  0]
 [ 0 27]]
COMET INFO:     f1_score_test          : 0.7272727272727273
COMET INFO:     f1_score_train         : 1.0
COMET INFO:     precision_test         : 0.8
COMET INFO:     precision_train        : 1.0
COMET INFO:     recall_test            : 0.6666666666666666
COMET INFO:     recall_train           : 1.0
COMET INFO:     roc_auc_test           : 0.7666666666666666
COMET INFO:     roc_auc_train          : 1.0
COMET INFO:   Others:
COMET INFO:     optimizer_count        : 14
COMET INFO:     optimizer_id           : cae2bc8773454b8a92b84b2e6e0a5b7f
COMET INFO:     optimizer_metric       : f1_score_test
COMET INFO:     optimizer_metric_value : 0.7272727272727273
COMET INFO:     optimizer_name         : cae2bc8773454b8a92b84b2e6e0a5b7f
COMET INFO:     optimizer_objective    : maximize
COMET INFO:     optimizer_parameters   : {"max_dilations_per_kernel": 16, "n_features_per_kernel": 10, "n_jobs": -1, "num_kernels": 1000, "random_state": 42, "rocket_transform": "minirocket"}
COMET INFO:     optimizer_pid          : 4e3334002bcd2b2debd390f10de0e4d91255b994
COMET INFO:     optimizer_process      : 33745
COMET INFO:     optimizer_trial        : 1
COMET INFO:     optimizer_version      : 2.0.26
COMET INFO:   Parameters:
COMET INFO:     alpha_per_target         : False
COMET INFO:     alphas                   : [1.00000000e-03 4.64158883e-03 2.15443469e-02 1.00000000e-01
 4.64158883e-01 2.15443469e+00 1.00000000e+01 4.64158883e+01
 2.15443469e+02 1.00000000e+03]
COMET INFO:     class_weight             : None
COMET INFO:     copy                     : True
COMET INFO:     copy_X                   : True
COMET INFO:     cv                       : None
COMET INFO:     fit_intercept            : True
COMET INFO:     gcv_mode                 : None
COMET INFO:     is_clf                   : True
COMET INFO:     max_dilations_per_kernel : 16
COMET INFO:     n_features_per_kernel    : 10
COMET INFO:     n_jobs                   : -1
COMET INFO:     neg_label                : -1
COMET INFO:     num_kernels              : 1000
COMET INFO:     pos_label                : 1
COMET INFO:     random_state             : 42
COMET INFO:     rocket_transform         : minirocket
COMET INFO:     scoring                  : None
COMET INFO:     sparse_output            : False
COMET INFO:     store_cv_values          : False
COMET INFO:     use_multivariate         : auto
COMET INFO:     with_mean                : False
COMET INFO:     with_std                 : True
COMET INFO:   Uploads:
COMET INFO:     conda-environment-definition : 1
COMET INFO:     environment details          : 1
COMET INFO:     filename                     : 1
COMET INFO:     git metadata                 : 1
COMET INFO:     git-patch (uncompressed)     : 1 (637 bytes)
COMET INFO:     installed packages           : 1
COMET INFO:     source_code                  : 1 (3.26 KB)
COMET INFO: 
COMET WARNING: Not all initial data has been logged for experiment 63c36174d714424b8b29f04c365f2705, call Experiment.end() to ensure that all data to have been logged
COMET INFO: Experiment is live on comet.com https://www.comet.com/mschaid/rocket-classifier-bayes-tuning/5ab8d40d25f94ebc87da9ed1ccab1a0c

COMET WARNING: Cannot safely convert array([[14,  1],
       [ 6,  6]]) object to a scalar value, using its string representation for logging. Resulting string might be invalid
COMET WARNING: Cannot safely convert array([[34,  0],
       [ 0, 27]]) object to a scalar value, using its string representation for logging. Resulting string might be invalid
COMET INFO: ---------------------------------------------------------------------------------------
COMET INFO: Comet.ml Experiment Summary
COMET INFO: ---------------------------------------------------------------------------------------
COMET INFO:   Data:
COMET INFO:     display_summary_level : 1
COMET INFO:     name                  : integrated_quokka_4131
COMET INFO:     url                   : https://www.comet.com/mschaid/rocket-classifier-bayes-tuning/5ab8d40d25f94ebc87da9ed1ccab1a0c
COMET INFO:   Metrics:
COMET INFO:     accuracy_test          : 0.7407407407407407
COMET INFO:     accuracy_train         : 1.0
COMET INFO:     confusion_matrix_test  : [[14  1]
 [ 6  6]]
COMET INFO:     confusion_matrix_train : [[34  0]
 [ 0 27]]
COMET INFO:     f1_score_test          : 0.631578947368421
COMET INFO:     f1_score_train         : 1.0
COMET INFO:     precision_test         : 0.8571428571428571
COMET INFO:     precision_train        : 1.0
COMET INFO:     recall_test            : 0.5
COMET INFO:     recall_train           : 1.0
COMET INFO:     roc_auc_test           : 0.7166666666666667
COMET INFO:     roc_auc_train          : 1.0
COMET INFO:   Others:
COMET INFO:     optimizer_count        : 15
COMET INFO:     optimizer_id           : cae2bc8773454b8a92b84b2e6e0a5b7f
COMET INFO:     optimizer_metric       : f1_score_test
COMET INFO:     optimizer_metric_value : 0.631578947368421
COMET INFO:     optimizer_name         : cae2bc8773454b8a92b84b2e6e0a5b7f
COMET INFO:     optimizer_objective    : maximize
COMET INFO:     optimizer_parameters   : {"max_dilations_per_kernel": 32, "n_features_per_kernel": 50, "n_jobs": -1, "num_kernels": 50000, "random_state": 42, "rocket_transform": "rocket"}
COMET INFO:     optimizer_pid          : 9defe2c1d8141789fcbe30342b8dd06cc5b5574d
COMET INFO:     optimizer_process      : 33745
COMET INFO:     optimizer_trial        : 1
COMET INFO:     optimizer_version      : 2.0.26
COMET INFO:   Parameters:
COMET INFO:     alpha_per_target         : False
COMET INFO:     alphas                   : [1.00000000e-03 4.64158883e-03 2.15443469e-02 1.00000000e-01
 4.64158883e-01 2.15443469e+00 1.00000000e+01 4.64158883e+01
 2.15443469e+02 1.00000000e+03]
COMET INFO:     class_weight             : None
COMET INFO:     copy                     : True
COMET INFO:     copy_X                   : True
COMET INFO:     cv                       : None
COMET INFO:     fit_intercept            : True
COMET INFO:     gcv_mode                 : None
COMET INFO:     is_clf                   : True
COMET INFO:     max_dilations_per_kernel : 32
COMET INFO:     n_features_per_kernel    : 50
COMET INFO:     n_jobs                   : -1
COMET INFO:     neg_label                : -1
COMET INFO:     num_kernels              : 50000
COMET INFO:     pos_label                : 1
COMET INFO:     random_state             : 42
COMET INFO:     rocket_transform         : rocket
COMET INFO:     scoring                  : None
COMET INFO:     sparse_output            : False
COMET INFO:     store_cv_values          : False
COMET INFO:     use_multivariate         : auto
COMET INFO:     with_mean                : False
COMET INFO:     with_std                 : True
COMET INFO:   Uploads:
COMET INFO:     conda-environment-definition : 1
COMET INFO:     conda-info                   : 1
COMET INFO:     conda-specification          : 1
COMET INFO:     environment details          : 1
COMET INFO:     filename                     : 1
COMET INFO:     git metadata                 : 1
COMET INFO:     git-patch (uncompressed)     : 1 (637 bytes)
COMET INFO:     installed packages           : 1
COMET INFO:     source_code                  : 1 (3.26 KB)
COMET INFO: 
COMET INFO: Experiment is live on comet.com https://www.comet.com/mschaid/rocket-classifier-bayes-tuning/83f74a517a0f426ba26f4890be13e91b

COMET WARNING: Cannot safely convert array([[13,  2],
       [ 4,  8]]) object to a scalar value, using its string representation for logging. Resulting string might be invalid
COMET WARNING: Cannot safely convert array([[34,  0],
       [ 1, 26]]) object to a scalar value, using its string representation for logging. Resulting string might be invalid
COMET INFO: ---------------------------------------------------------------------------------------
COMET INFO: Comet.ml Experiment Summary
COMET INFO: ---------------------------------------------------------------------------------------
COMET INFO:   Data:
COMET INFO:     display_summary_level : 1
COMET INFO:     name                  : manual_anchovy_8577
COMET INFO:     url                   : https://www.comet.com/mschaid/rocket-classifier-bayes-tuning/83f74a517a0f426ba26f4890be13e91b
COMET INFO:   Metrics:
COMET INFO:     accuracy_test          : 0.7777777777777778
COMET INFO:     accuracy_train         : 0.9836065573770492
COMET INFO:     confusion_matrix_test  : [[13  2]
 [ 4  8]]
COMET INFO:     confusion_matrix_train : [[34  0]
 [ 1 26]]
COMET INFO:     f1_score_test          : 0.7272727272727273
COMET INFO:     f1_score_train         : 0.9811320754716981
COMET INFO:     precision_test         : 0.8
COMET INFO:     precision_train        : 1.0
COMET INFO:     recall_test            : 0.6666666666666666
COMET INFO:     recall_train           : 0.9629629629629629
COMET INFO:     roc_auc_test           : 0.7666666666666666
COMET INFO:     roc_auc_train          : 0.9814814814814814
COMET INFO:   Others:
COMET INFO:     optimizer_count        : 16
COMET INFO:     optimizer_id           : cae2bc8773454b8a92b84b2e6e0a5b7f
COMET INFO:     optimizer_metric       : f1_score_test
COMET INFO:     optimizer_metric_value : 0.7272727272727273
COMET INFO:     optimizer_name         : cae2bc8773454b8a92b84b2e6e0a5b7f
COMET INFO:     optimizer_objective    : maximize
COMET INFO:     optimizer_parameters   : {"max_dilations_per_kernel": 8, "n_features_per_kernel": 20, "n_jobs": -1, "num_kernels": 1000, "random_state": 42, "rocket_transform": "minirocket"}
COMET INFO:     optimizer_pid          : 38eafccac060b2e0c7664ecf7d07b5b8f3f49912
COMET INFO:     optimizer_process      : 33745
COMET INFO:     optimizer_trial        : 1
COMET INFO:     optimizer_version      : 2.0.26
COMET INFO:   Parameters:
COMET INFO:     alpha_per_target         : False
COMET INFO:     alphas                   : [1.00000000e-03 4.64158883e-03 2.15443469e-02 1.00000000e-01
 4.64158883e-01 2.15443469e+00 1.00000000e+01 4.64158883e+01
 2.15443469e+02 1.00000000e+03]
COMET INFO:     class_weight             : None
COMET INFO:     copy                     : True
COMET INFO:     copy_X                   : True
COMET INFO:     cv                       : None
COMET INFO:     fit_intercept            : True
COMET INFO:     gcv_mode                 : None
COMET INFO:     is_clf                   : True
COMET INFO:     max_dilations_per_kernel : 8
COMET INFO:     n_features_per_kernel    : 20
COMET INFO:     n_jobs                   : -1
COMET INFO:     neg_label                : -1
COMET INFO:     num_kernels              : 1000
COMET INFO:     pos_label                : 1
COMET INFO:     random_state             : 42
COMET INFO:     rocket_transform         : minirocket
COMET INFO:     scoring                  : None
COMET INFO:     sparse_output            : False
COMET INFO:     store_cv_values          : False
COMET INFO:     use_multivariate         : auto
COMET INFO:     with_mean                : False
COMET INFO:     with_std                 : True
COMET INFO:   Uploads:
COMET INFO:     environment details      : 1
COMET INFO:     filename                 : 1
COMET INFO:     git metadata             : 1
COMET INFO:     git-patch (uncompressed) : 1 (637 bytes)
COMET INFO:     installed packages       : 1
COMET INFO:     source_code              : 1 (3.26 KB)
COMET INFO: 
COMET WARNING: Not all initial data has been logged for experiment 83f74a517a0f426ba26f4890be13e91b, call Experiment.end() to ensure that all data to have been logged
COMET INFO: Experiment is live on comet.com https://www.comet.com/mschaid/rocket-classifier-bayes-tuning/fb8ce205b2334b8e84cfa815e91dcad5

COMET WARNING: Cannot safely convert array([[13,  2],
       [ 5,  7]]) object to a scalar value, using its string representation for logging. Resulting string might be invalid
COMET WARNING: Cannot safely convert array([[34,  0],
       [ 0, 27]]) object to a scalar value, using its string representation for logging. Resulting string might be invalid
COMET INFO: ---------------------------------------------------------------------------------------
COMET INFO: Comet.ml Experiment Summary
COMET INFO: ---------------------------------------------------------------------------------------
COMET INFO:   Data:
COMET INFO:     display_summary_level : 1
COMET INFO:     name                  : colourful_acorn_2132
COMET INFO:     url                   : https://www.comet.com/mschaid/rocket-classifier-bayes-tuning/fb8ce205b2334b8e84cfa815e91dcad5
COMET INFO:   Metrics:
COMET INFO:     accuracy_test          : 0.7407407407407407
COMET INFO:     accuracy_train         : 1.0
COMET INFO:     confusion_matrix_test  : [[13  2]
 [ 5  7]]
COMET INFO:     confusion_matrix_train : [[34  0]
 [ 0 27]]
COMET INFO:     f1_score_test          : 0.6666666666666666
COMET INFO:     f1_score_train         : 1.0
COMET INFO:     precision_test         : 0.7777777777777778
COMET INFO:     precision_train        : 1.0
COMET INFO:     recall_test            : 0.5833333333333334
COMET INFO:     recall_train           : 1.0
COMET INFO:     roc_auc_test           : 0.7250000000000001
COMET INFO:     roc_auc_train          : 1.0
COMET INFO:   Others:
COMET INFO:     optimizer_count        : 17
COMET INFO:     optimizer_id           : cae2bc8773454b8a92b84b2e6e0a5b7f
COMET INFO:     optimizer_metric       : f1_score_test
COMET INFO:     optimizer_metric_value : 0.6666666666666666
COMET INFO:     optimizer_name         : cae2bc8773454b8a92b84b2e6e0a5b7f
COMET INFO:     optimizer_objective    : maximize
COMET INFO:     optimizer_parameters   : {"max_dilations_per_kernel": 64, "n_features_per_kernel": 50, "n_jobs": -1, "num_kernels": 100000, "random_state": 42, "rocket_transform": "rocket"}
COMET INFO:     optimizer_pid          : 8ca97bfc0510a7b459378df8df0dfb9b50bcdca1
COMET INFO:     optimizer_process      : 33745
COMET INFO:     optimizer_trial        : 1
COMET INFO:     optimizer_version      : 2.0.26
COMET INFO:   Parameters:
COMET INFO:     alpha_per_target         : False
COMET INFO:     alphas                   : [1.00000000e-03 4.64158883e-03 2.15443469e-02 1.00000000e-01
 4.64158883e-01 2.15443469e+00 1.00000000e+01 4.64158883e+01
 2.15443469e+02 1.00000000e+03]
COMET INFO:     class_weight             : None
COMET INFO:     copy                     : True
COMET INFO:     copy_X                   : True
COMET INFO:     cv                       : None
COMET INFO:     fit_intercept            : True
COMET INFO:     gcv_mode                 : None
COMET INFO:     is_clf                   : True
COMET INFO:     max_dilations_per_kernel : 64
COMET INFO:     n_features_per_kernel    : 50
COMET INFO:     n_jobs                   : -1
COMET INFO:     neg_label                : -1
COMET INFO:     num_kernels              : 100000
COMET INFO:     pos_label                : 1
COMET INFO:     random_state             : 42
COMET INFO:     rocket_transform         : rocket
COMET INFO:     scoring                  : None
COMET INFO:     sparse_output            : False
COMET INFO:     store_cv_values          : False
COMET INFO:     use_multivariate         : auto
COMET INFO:     with_mean                : False
COMET INFO:     with_std                 : True
COMET INFO:   Uploads:
COMET INFO:     conda-environment-definition : 1
COMET INFO:     conda-info                   : 1
COMET INFO:     conda-specification          : 1
COMET INFO:     environment details          : 1
COMET INFO:     filename                     : 1
COMET INFO:     git metadata                 : 1
COMET INFO:     git-patch (uncompressed)     : 1 (637 bytes)
COMET INFO:     installed packages           : 1
COMET INFO:     source_code                  : 1 (3.26 KB)
COMET INFO: 
COMET INFO: Experiment is live on comet.com https://www.comet.com/mschaid/rocket-classifier-bayes-tuning/5a7791ff33f248418094687d1c53affb

COMET WARNING: Cannot safely convert array([[14,  1],
       [ 4,  8]]) object to a scalar value, using its string representation for logging. Resulting string might be invalid
COMET WARNING: Cannot safely convert array([[34,  0],
       [ 0, 27]]) object to a scalar value, using its string representation for logging. Resulting string might be invalid
COMET INFO: ---------------------------------------------------------------------------------------
COMET INFO: Comet.ml Experiment Summary
COMET INFO: ---------------------------------------------------------------------------------------
COMET INFO:   Data:
COMET INFO:     display_summary_level : 1
COMET INFO:     name                  : smiling_tahr_4864
COMET INFO:     url                   : https://www.comet.com/mschaid/rocket-classifier-bayes-tuning/5a7791ff33f248418094687d1c53affb
COMET INFO:   Metrics:
COMET INFO:     accuracy_test          : 0.8148148148148148
COMET INFO:     accuracy_train         : 1.0
COMET INFO:     confusion_matrix_test  : [[14  1]
 [ 4  8]]
COMET INFO:     confusion_matrix_train : [[34  0]
 [ 0 27]]
COMET INFO:     f1_score_test          : 0.7619047619047619
COMET INFO:     f1_score_train         : 1.0
COMET INFO:     precision_test         : 0.8888888888888888
COMET INFO:     precision_train        : 1.0
COMET INFO:     recall_test            : 0.6666666666666666
COMET INFO:     recall_train           : 1.0
COMET INFO:     roc_auc_test           : 0.7999999999999999
COMET INFO:     roc_auc_train          : 1.0
COMET INFO:   Others:
COMET INFO:     optimizer_count        : 18
COMET INFO:     optimizer_id           : cae2bc8773454b8a92b84b2e6e0a5b7f
COMET INFO:     optimizer_metric       : f1_score_test
COMET INFO:     optimizer_metric_value : 0.7619047619047619
COMET INFO:     optimizer_name         : cae2bc8773454b8a92b84b2e6e0a5b7f
COMET INFO:     optimizer_objective    : maximize
COMET INFO:     optimizer_parameters   : {"max_dilations_per_kernel": 32, "n_features_per_kernel": 10, "n_jobs": -1, "num_kernels": 10000, "random_state": 42, "rocket_transform": "minirocket"}
COMET INFO:     optimizer_pid          : b9762f19f95b1663f45887a531d48da870cbfe0d
COMET INFO:     optimizer_process      : 33745
COMET INFO:     optimizer_trial        : 1
COMET INFO:     optimizer_version      : 2.0.26
COMET INFO:   Parameters:
COMET INFO:     alpha_per_target         : False
COMET INFO:     alphas                   : [1.00000000e-03 4.64158883e-03 2.15443469e-02 1.00000000e-01
 4.64158883e-01 2.15443469e+00 1.00000000e+01 4.64158883e+01
 2.15443469e+02 1.00000000e+03]
COMET INFO:     class_weight             : None
COMET INFO:     copy                     : True
COMET INFO:     copy_X                   : True
COMET INFO:     cv                       : None
COMET INFO:     fit_intercept            : True
COMET INFO:     gcv_mode                 : None
COMET INFO:     is_clf                   : True
COMET INFO:     max_dilations_per_kernel : 32
COMET INFO:     n_features_per_kernel    : 10
COMET INFO:     n_jobs                   : -1
COMET INFO:     neg_label                : -1
COMET INFO:     num_kernels              : 10000
COMET INFO:     pos_label                : 1
COMET INFO:     random_state             : 42
COMET INFO:     rocket_transform         : minirocket
COMET INFO:     scoring                  : None
COMET INFO:     sparse_output            : False
COMET INFO:     store_cv_values          : False
COMET INFO:     use_multivariate         : auto
COMET INFO:     with_mean                : False
COMET INFO:     with_std                 : True
COMET INFO:   Uploads:
COMET INFO:     conda-environment-definition : 1
COMET INFO:     conda-info                   : 1
COMET INFO:     conda-specification          : 1
COMET INFO:     environment details          : 1
COMET INFO:     filename                     : 1
COMET INFO:     git metadata                 : 1
COMET INFO:     git-patch (uncompressed)     : 1 (637 bytes)
COMET INFO:     installed packages           : 1
COMET INFO:     source_code                  : 1 (3.26 KB)
COMET INFO: 
COMET INFO: Experiment is live on comet.com https://www.comet.com/mschaid/rocket-classifier-bayes-tuning/959a316c1b96465ba9490a1b1cfd5045

COMET WARNING: Cannot safely convert array([[13,  2],
       [ 4,  8]]) object to a scalar value, using its string representation for logging. Resulting string might be invalid
COMET WARNING: Cannot safely convert array([[34,  0],
       [ 0, 27]]) object to a scalar value, using its string representation for logging. Resulting string might be invalid
COMET INFO: ---------------------------------------------------------------------------------------
COMET INFO: Comet.ml Experiment Summary
COMET INFO: ---------------------------------------------------------------------------------------
COMET INFO:   Data:
COMET INFO:     display_summary_level : 1
COMET INFO:     name                  : shaky_bass_3839
COMET INFO:     url                   : https://www.comet.com/mschaid/rocket-classifier-bayes-tuning/959a316c1b96465ba9490a1b1cfd5045
COMET INFO:   Metrics:
COMET INFO:     accuracy_test          : 0.7777777777777778
COMET INFO:     accuracy_train         : 1.0
COMET INFO:     confusion_matrix_test  : [[13  2]
 [ 4  8]]
COMET INFO:     confusion_matrix_train : [[34  0]
 [ 0 27]]
COMET INFO:     f1_score_test          : 0.7272727272727273
COMET INFO:     f1_score_train         : 1.0
COMET INFO:     precision_test         : 0.8
COMET INFO:     precision_train        : 1.0
COMET INFO:     recall_test            : 0.6666666666666666
COMET INFO:     recall_train           : 1.0
COMET INFO:     roc_auc_test           : 0.7666666666666666
COMET INFO:     roc_auc_train          : 1.0
COMET INFO:   Others:
COMET INFO:     optimizer_count        : 19
COMET INFO:     optimizer_id           : cae2bc8773454b8a92b84b2e6e0a5b7f
COMET INFO:     optimizer_metric       : f1_score_test
COMET INFO:     optimizer_metric_value : 0.7272727272727273
COMET INFO:     optimizer_name         : cae2bc8773454b8a92b84b2e6e0a5b7f
COMET INFO:     optimizer_objective    : maximize
COMET INFO:     optimizer_parameters   : {"max_dilations_per_kernel": 16, "n_features_per_kernel": 100, "n_jobs": -1, "num_kernels": 10000, "random_state": 42, "rocket_transform": "minirocket"}
COMET INFO:     optimizer_pid          : 922a7584502e6857425931a73aa4f61505c7bff4
COMET INFO:     optimizer_process      : 33745
COMET INFO:     optimizer_trial        : 1
COMET INFO:     optimizer_version      : 2.0.26
COMET INFO:   Parameters:
COMET INFO:     alpha_per_target         : False
COMET INFO:     alphas                   : [1.00000000e-03 4.64158883e-03 2.15443469e-02 1.00000000e-01
 4.64158883e-01 2.15443469e+00 1.00000000e+01 4.64158883e+01
 2.15443469e+02 1.00000000e+03]
COMET INFO:     class_weight             : None
COMET INFO:     copy                     : True
COMET INFO:     copy_X                   : True
COMET INFO:     cv                       : None
COMET INFO:     fit_intercept            : True
COMET INFO:     gcv_mode                 : None
COMET INFO:     is_clf                   : True
COMET INFO:     max_dilations_per_kernel : 16
COMET INFO:     n_features_per_kernel    : 100
COMET INFO:     n_jobs                   : -1
COMET INFO:     neg_label                : -1
COMET INFO:     num_kernels              : 10000
COMET INFO:     pos_label                : 1
COMET INFO:     random_state             : 42
COMET INFO:     rocket_transform         : minirocket
COMET INFO:     scoring                  : None
COMET INFO:     sparse_output            : False
COMET INFO:     store_cv_values          : False
COMET INFO:     use_multivariate         : auto
COMET INFO:     with_mean                : False
COMET INFO:     with_std                 : True
COMET INFO:   Uploads:
COMET INFO:     conda-environment-definition : 1
COMET INFO:     conda-info                   : 1
COMET INFO:     conda-specification          : 1
COMET INFO:     environment details          : 1
COMET INFO:     filename                     : 1
COMET INFO:     git metadata                 : 1
COMET INFO:     git-patch (uncompressed)     : 1 (637 bytes)
COMET INFO:     installed packages           : 1
COMET INFO:     source_code                  : 1 (3.26 KB)
COMET INFO: 
COMET INFO: Experiment is live on comet.com https://www.comet.com/mschaid/rocket-classifier-bayes-tuning/cbdc9389ba8c438091dc1f742c03589f

COMET WARNING: Cannot safely convert array([[13,  2],
       [ 5,  7]]) object to a scalar value, using its string representation for logging. Resulting string might be invalid
COMET WARNING: Cannot safely convert array([[34,  0],
       [ 0, 27]]) object to a scalar value, using its string representation for logging. Resulting string might be invalid
COMET INFO: ---------------------------------------------------------------------------------------
COMET INFO: Comet.ml Experiment Summary
COMET INFO: ---------------------------------------------------------------------------------------
COMET INFO:   Data:
COMET INFO:     display_summary_level : 1
COMET INFO:     name                  : uninterested_baluster_6571
COMET INFO:     url                   : https://www.comet.com/mschaid/rocket-classifier-bayes-tuning/cbdc9389ba8c438091dc1f742c03589f
COMET INFO:   Metrics:
COMET INFO:     accuracy_test          : 0.7407407407407407
COMET INFO:     accuracy_train         : 1.0
COMET INFO:     confusion_matrix_test  : [[13  2]
 [ 5  7]]
COMET INFO:     confusion_matrix_train : [[34  0]
 [ 0 27]]
COMET INFO:     f1_score_test          : 0.6666666666666666
COMET INFO:     f1_score_train         : 1.0
COMET INFO:     precision_test         : 0.7777777777777778
COMET INFO:     precision_train        : 1.0
COMET INFO:     recall_test            : 0.5833333333333334
COMET INFO:     recall_train           : 1.0
COMET INFO:     roc_auc_test           : 0.7250000000000001
COMET INFO:     roc_auc_train          : 1.0
COMET INFO:   Others:
COMET INFO:     optimizer_count        : 20
COMET INFO:     optimizer_id           : cae2bc8773454b8a92b84b2e6e0a5b7f
COMET INFO:     optimizer_metric       : f1_score_test
COMET INFO:     optimizer_metric_value : 0.6666666666666666
COMET INFO:     optimizer_name         : cae2bc8773454b8a92b84b2e6e0a5b7f
COMET INFO:     optimizer_objective    : maximize
COMET INFO:     optimizer_parameters   : {"max_dilations_per_kernel": 8, "n_features_per_kernel": 10, "n_jobs": -1, "num_kernels": 100000, "random_state": 42, "rocket_transform": "rocket"}
COMET INFO:     optimizer_pid          : 2fd7040699e91255ab1033fbf2423f7d540757bb
COMET INFO:     optimizer_process      : 33745
COMET INFO:     optimizer_trial        : 1
COMET INFO:     optimizer_version      : 2.0.26
COMET INFO:   Parameters:
COMET INFO:     alpha_per_target         : False
COMET INFO:     alphas                   : [1.00000000e-03 4.64158883e-03 2.15443469e-02 1.00000000e-01
 4.64158883e-01 2.15443469e+00 1.00000000e+01 4.64158883e+01
 2.15443469e+02 1.00000000e+03]
COMET INFO:     class_weight             : None
COMET INFO:     copy                     : True
COMET INFO:     copy_X                   : True
COMET INFO:     cv                       : None
COMET INFO:     fit_intercept            : True
COMET INFO:     gcv_mode                 : None
COMET INFO:     is_clf                   : True
COMET INFO:     max_dilations_per_kernel : 8
COMET INFO:     n_features_per_kernel    : 10
COMET INFO:     n_jobs                   : -1
COMET INFO:     neg_label                : -1
COMET INFO:     num_kernels              : 100000
COMET INFO:     pos_label                : 1
COMET INFO:     random_state             : 42
COMET INFO:     rocket_transform         : rocket
COMET INFO:     scoring                  : None
COMET INFO:     sparse_output            : False
COMET INFO:     store_cv_values          : False
COMET INFO:     use_multivariate         : auto
COMET INFO:     with_mean                : False
COMET INFO:     with_std                 : True
COMET INFO:   Uploads:
COMET INFO:     conda-environment-definition : 1
COMET INFO:     conda-info                   : 1
COMET INFO:     conda-specification          : 1
COMET INFO:     environment details          : 1
COMET INFO:     filename                     : 1
COMET INFO:     git metadata                 : 1
COMET INFO:     git-patch (uncompressed)     : 1 (637 bytes)
COMET INFO:     installed packages           : 1
COMET INFO:     source_code                  : 1 (3.26 KB)
COMET INFO: 
COMET INFO: Experiment is live on comet.com https://www.comet.com/mschaid/rocket-classifier-bayes-tuning/737d5a0fcec145088bff2947dd340f9e

COMET WARNING: Cannot safely convert array([[15,  0],
       [ 3,  9]]) object to a scalar value, using its string representation for logging. Resulting string might be invalid
COMET WARNING: Cannot safely convert array([[34,  0],
       [ 0, 27]]) object to a scalar value, using its string representation for logging. Resulting string might be invalid
COMET INFO: Optimizer search cae2bc8773454b8a92b84b2e6e0a5b7f has completed
2024-06-26 11:18:17 [info     ] Tuning completed and logged to Comet
COMET INFO: ---------------------------------------------------------------------------------------
COMET INFO: Comet.ml Experiment Summary
COMET INFO: ---------------------------------------------------------------------------------------
COMET INFO:   Data:
COMET INFO:     display_summary_level : 1
COMET INFO:     name                  : inland_liability_5785
COMET INFO:     url                   : https://www.comet.com/mschaid/rocket-classifier-bayes-tuning/737d5a0fcec145088bff2947dd340f9e
COMET INFO:   Metrics:
COMET INFO:     accuracy_test          : 0.8888888888888888
COMET INFO:     accuracy_train         : 1.0
COMET INFO:     confusion_matrix_test  : [[15  0]
 [ 3  9]]
COMET INFO:     confusion_matrix_train : [[34  0]
 [ 0 27]]
COMET INFO:     f1_score_test          : 0.8571428571428571
COMET INFO:     f1_score_train         : 1.0
COMET INFO:     precision_test         : 1.0
COMET INFO:     precision_train        : 1.0
COMET INFO:     recall_test            : 0.75
COMET INFO:     recall_train           : 1.0
COMET INFO:     roc_auc_test           : 0.875
COMET INFO:     roc_auc_train          : 1.0
COMET INFO:   Others:
COMET INFO:     optimizer_count        : 21
COMET INFO:     optimizer_id           : cae2bc8773454b8a92b84b2e6e0a5b7f
COMET INFO:     optimizer_metric       : f1_score_test
COMET INFO:     optimizer_metric_value : 0.8571428571428571
COMET INFO:     optimizer_name         : cae2bc8773454b8a92b84b2e6e0a5b7f
COMET INFO:     optimizer_objective    : maximize
COMET INFO:     optimizer_parameters   : {"max_dilations_per_kernel": 8, "n_features_per_kernel": 10, "n_jobs": -1, "num_kernels": 50000, "random_state": 42, "rocket_transform": "minirocket"}
COMET INFO:     optimizer_pid          : 83178cd1d51813fd2fc8e8368e34853d12cd29fa
COMET INFO:     optimizer_process      : 33745
COMET INFO:     optimizer_trial        : 1
COMET INFO:     optimizer_version      : 2.0.26
COMET INFO:   Parameters:
COMET INFO:     alpha_per_target         : False
COMET INFO:     alphas                   : [1.00000000e-03 4.64158883e-03 2.15443469e-02 1.00000000e-01
 4.64158883e-01 2.15443469e+00 1.00000000e+01 4.64158883e+01
 2.15443469e+02 1.00000000e+03]
COMET INFO:     class_weight             : None
COMET INFO:     copy                     : True
COMET INFO:     copy_X                   : True
COMET INFO:     cv                       : None
COMET INFO:     fit_intercept            : True
COMET INFO:     gcv_mode                 : None
COMET INFO:     is_clf                   : True
COMET INFO:     max_dilations_per_kernel : 8
COMET INFO:     n_features_per_kernel    : 10
COMET INFO:     n_jobs                   : -1
COMET INFO:     neg_label                : -1
COMET INFO:     num_kernels              : 50000
COMET INFO:     pos_label                : 1
COMET INFO:     random_state             : 42
COMET INFO:     rocket_transform         : minirocket
COMET INFO:     scoring                  : None
COMET INFO:     sparse_output            : False
COMET INFO:     store_cv_values          : False
COMET INFO:     use_multivariate         : auto
COMET INFO:     with_mean                : False
COMET INFO:     with_std                 : True
COMET INFO:   Uploads:
COMET INFO:     conda-environment-definition : 1
COMET INFO:     conda-info                   : 1
COMET INFO:     conda-specification          : 1
COMET INFO:     environment details          : 1
COMET INFO:     filename                     : 1
COMET INFO:     git metadata                 : 1
COMET INFO:     git-patch (uncompressed)     : 1 (637 bytes)
COMET INFO:     installed packages           : 1
COMET INFO:     source_code                  : 1 (3.26 KB)
COMET INFO: 
COMET INFO: Please wait for metadata to finish uploading (timeout is 3600 seconds)
COMET INFO: Uploading 72 metrics, params and output messages
  % Total    % Received % Xferd  Average Speed   Time    Time     Time  Current
                                 Dload  Upload   Total   Spent    Left  Speed
  0     0    0     0    0     0      0      0 --:--:-- --:--:-- --:--:--     0100    41  100     2  100    39      4     82 --:--:-- --:--:-- --:--:--    82100    41  100     2  100    39      4     82 --:--:-- --:--:-- --:--:--    82
ok